0 info it worked if it ends with ok
1 verbose cli [ 'G:\\Programs\\Node\\node.exe',
1 verbose cli   'G:\\Programs\\Node\\node_modules\\npm\\bin\\npm-cli.js',
1 verbose cli   'start' ]
2 info using npm@3.10.10
3 info using node@v6.10.3
4 verbose run-script [ 'prestart', 'start', 'poststart' ]
5 info lifecycle expresstest@0.0.0~prestart: expresstest@0.0.0
6 silly lifecycle expresstest@0.0.0~prestart: no script for prestart, continuing
7 info lifecycle expresstest@0.0.0~start: expresstest@0.0.0
8 verbose lifecycle expresstest@0.0.0~start: unsafe-perm in lifecycle true
9 verbose lifecycle expresstest@0.0.0~start: PATH: G:\Programs\Node\node_modules\npm\bin\node-gyp-bin;G:\Programs\wamp\www\ExpressTest\node_modules\.bin;G:\Programs\CMDER\bin;G:\Programs\CMDER\vendor\conemu-maximus5\ConEmu\Scripts;G:\Programs\CMDER\vendor\conemu-maximus5;G:\Programs\CMDER\vendor\conemu-maximus5\ConEmu;C:\Program Files\Microsoft MPI\Bin\;C:\ProgramData\Oracle\Java\javapath;C:\WINDOWS\system32;C:\WINDOWS;C:\WINDOWS\System32\Wbem;C:\WINDOWS\System32\WindowsPowerShell\v1.0\;C:\Program Files\Microsoft SQL Server\110\Tools\Binn\;C:\Program Files (x86)\Windows Live\Shared;C:\Program Files (x86)\Microsoft SDKs\TypeScript\1.0\;C:\Program Files\Microsoft SQL Server\120\Tools\Binn\;C:\Program Files (x86)\NVIDIA Corporation\PhysX\Common;G:\Programs\Calibre\;S:\Program Files\SQL Server 2014\bin\;C:\Program Files\Microsoft SQL Server\Client SDK\ODBC\110\Tools\Binn\;C:\Program Files (x86)\Microsoft SQL Server\120\Tools\Binn\;C:\Program Files\Microsoft SQL Server\120\DTS\Binn\;C:\Program Files (x86)\Microsoft SQL Server\130\Tools\Binn\ManagementStudio\;C:\Program Files (x86)\Microsoft SQL Server\130\Tools\Binn\;C:\Program Files (x86)\Microsoft SQL Server\Client SDK\ODBC\110\Tools\Binn\;C:\Program Files (x86)\Microsoft SQL Server\130\DTS\Binn\;C:\Program Files (x86)\QuickTime\QTSystem\;C:\Users\Jared\.dnx\bin;C:\Program Files\Microsoft DNX\Dnvm\;C:\Program Files\Microsoft SQL Server\Client SDK\ODBC\130\Tools\Binn\;C:\Program Files\Microsoft SQL Server\130\Tools\Binn\;C:\Program Files\Microsoft SQL Server\130\DTS\Binn\;C:\Program Files (x86)\Windows Kits\10\Windows Performance Toolkit\;C:\Program Files\dotnet\;C:\Program Files\Git\cmd;G:\Programs\Node\;G:\Programs\Git\cmd;;C:\Users\Jared\AppData\Local\Code\bin;C:\Users\Jared\AppData\Roaming\npm;C:\Program Files\Git\usr\bin;C:\Program Files\Git\usr\share\vim\vim74;G:\Programs\CMDER\
10 verbose lifecycle expresstest@0.0.0~start: CWD: G:\Programs\wamp\www\ExpressTest
11 silly lifecycle expresstest@0.0.0~start: Args: [ '/d /s /c', 'nodemon ./bin/www' ]
12 silly lifecycle expresstest@0.0.0~start: Returned: code: 3221225786  signal: null
13 info lifecycle expresstest@0.0.0~start: Failed to exec start script
14 verbose stack Error: expresstest@0.0.0 start: `nodemon ./bin/www`
14 verbose stack Exit status 3221225786
14 verbose stack     at EventEmitter.<anonymous> (G:\Programs\Node\node_modules\npm\lib\utils\lifecycle.js:255:16)
14 verbose stack     at emitTwo (events.js:106:13)
14 verbose stack     at EventEmitter.emit (events.js:191:7)
14 verbose stack     at ChildProcess.<anonymous> (G:\Programs\Node\node_modules\npm\lib\utils\spawn.js:40:14)
14 verbose stack     at emitTwo (events.js:106:13)
14 verbose stack     at ChildProcess.emit (events.js:191:7)
14 verbose stack     at maybeClose (internal/child_process.js:886:16)
14 verbose stack     at Process.ChildProcess._handle.onexit (internal/child_process.js:226:5)
15 verbose pkgid expresstest@0.0.0
16 verbose cwd G:\Programs\wamp\www\ExpressTest
17 error Windows_NT 6.3.9600
18 error argv "G:\\Programs\\Node\\node.exe" "G:\\Programs\\Node\\node_modules\\npm\\bin\\npm-cli.js" "start"
19 error node v6.10.3
20 error npm  v3.10.10
21 error code ELIFECYCLE
22 error expresstest@0.0.0 start: `nodemon ./bin/www`
22 error Exit status 3221225786
23 error Failed at the expresstest@0.0.0 start script 'nodemon ./bin/www'.
23 error Make sure you have the latest version of node.js and npm installed.
23 error If you do, this is most likely a problem with the expresstest package,
23 error not with npm itself.
23 error Tell the author that this fails on your system:
23 error     nodemon ./bin/www
23 error You can get information on how to open an issue for this project with:
23 error     npm bugs expresstest
23 error Or if that isn't available, you can get their info via:
23 error     npm owner ls expresstest
23 error There is likely additional logging output above.
24 verbose exit [ 1, true ]
